<?xml version="1.0" encoding="UTF-8"?>
<!-- Generated by org.testng.reporters.JUnitReportReporter -->
<testsuite hostname="Gopika" failures="0" tests="1" name="testScript.AdminUsersTest" time="7.859" errors="0" timestamp="2024-12-01T19:49:10 IST" skipped="0">
  <testcase classname="testScript.AdminUsersTest" name="Addusers" time="7.859"/>
  <system-out/>
</testsuite> <!-- testScript.AdminUsersTest -->
