<?xml version="1.0" encoding="UTF-8"?>
<!-- Generated by org.testng.reporters.JUnitReportReporter -->
<testsuite hostname="Gopika" failures="0" tests="1" name="testScript.ManageFooterTest" time="7.127" errors="0" timestamp="2024-12-01T19:48:37 IST" skipped="0">
  <testcase classname="testScript.ManageFooterTest" name="editfooterText" time="7.127"/>
  <system-out/>
</testsuite> <!-- testScript.ManageFooterTest -->
