<?xml version="1.0" encoding="UTF-8"?>
<!-- Generated by org.testng.reporters.JUnitReportReporter -->
<testsuite hostname="Gopika" failures="0" tests="1" name="testScript.LoginTest" time="7.702" errors="0" timestamp="2024-12-04T09:46:21 IST" skipped="0">
  <testcase classname="testScript.LoginTest" name="verifyTheUserWithValidCredentials" time="7.702"/>
  <system-out/>
</testsuite> <!-- testScript.LoginTest -->
