<?xml version="1.0" encoding="UTF-8"?>
<!-- Generated by org.testng.reporters.JUnitReportReporter -->
<testsuite hostname="Gopika" failures="0" tests="1" name="testScript.ManageInfoTest" time="7.055" errors="0" timestamp="2024-12-01T19:47:59 IST" skipped="0">
  <testcase classname="testScript.ManageInfoTest" name="addNewNews" time="7.055"/>
  <system-out/>
</testsuite> <!-- testScript.ManageInfoTest -->
