<?xml version="1.0" encoding="UTF-8"?>
<!-- Generated by org.testng.reporters.JUnitReportReporter -->
<testsuite hostname="Gopika" failures="0" tests="1" name="testScript.Login" time="5.567" errors="0" timestamp="2024-11-29T10:09:14 IST" skipped="0">
  <testcase classname="testScript.Login" name="loginTest" time="5.567"/>
  <system-out/>
</testsuite> <!-- testScript.Login -->
